<?xml version="1.0" encoding="UTF-8"?>
<testsuite name="com.example.project.StudentTest" tests="9" skipped="0" failures="0" errors="0" timestamp="2025-10-22T02:12:29.776Z" hostname="codespaces-23045e" time="0.106">
  <properties/>
  <testcase name="testIsPassing()" classname="com.example.project.StudentTest" time="0.031"/>
  <testcase name="testMultipleStudentsAreIndependent()" classname="com.example.project.StudentTest" time="0.007"/>
  <testcase name="testGetLastName()" classname="com.example.project.StudentTest" time="0.001"/>
  <testcase name="testGetFirstName()" classname="com.example.project.StudentTest" time="0.001"/>
  <testcase name="testInitialTestScoreCountAndHighest()" classname="com.example.project.StudentTest" time="0.008"/>
  <testcase name="testSAddTestScore()" classname="com.example.project.StudentTest" time="0.007"/>
  <testcase name="testGetHighestTestScore()" classname="com.example.project.StudentTest" time="0.001"/>
  <testcase name="testSetGradYear()" classname="com.example.project.StudentTest" time="0.002"/>
  <testcase name="testAverageTestScore()" classname="com.example.project.StudentTest" time="0.003"/>
  <system-out><![CDATA[]]></system-out>
  <system-err><![CDATA[]]></system-err>
</testsuite>
